This is pdfTeX, Version 3.1415926-2.5-1.40.14 (TeX Live 2013/Debian) (format=pdflatex 2017.8.23)  13 DEC 2017 19:54
entering extended mode
 restricted \write18 enabled.
 %&-line parsing enabled.
**Ratchet.tex
(./Ratchet.tex
LaTeX2e <2011/06/27>
Babel <3.9h> and hyphenation patterns for 78 languages loaded.
(/usr/share/texlive/texmf-dist/tex/latex/revtex/revtex4-1.cls
Document Class: revtex4-1 2010/07/25/20:33:00 4.1r (http://publish.aps.org/revt
ex4/ for documentation)
 Copyright (c) 2009 The American Physical Society.
 mailto:revtex@aps.org
 Licensed under the LPPL:
http://www.ctan.org/tex-archive/macros/latex/base/lppl.txt
 Arthur Ogawa <arthur_ogawa at sbcglobal dot net>
 Based on work by David Carlisle <david at dcarlisle.demon.co.uk>.
ltxutil[2010/07/25/20:33:00 4.1r utilities package (portions licensed from W. E
. Baxter web at superscript.com)]
LaTeX Info: Redefining \@centercr on input line 308.
Class revtex4-1 Info: Repairing broken LaTeX eqnarray on input line 358.
\eqncolsep=\skip41
Class revtex4-1 Info: Repairing hyperref-unfriendly LaTeX definition of \mpfoot
note on input line 433.
Class revtex4-1 Info: Repairing broken LateX \@sect on input line 755.
\intertabularlinepenalty=\count79
\@tbpen=\count80
\@arstrutbox@hline=\box26
Class revtex4-1 Info: Repairing broken LaTeX \@xbitor on input line 1786.
Class revtex4-1 Info: Making \typeout \long on input line 2046.
ltxfront[2010/07/25/20:33:00 4.1r frontmatter package (AO,DPC)]
\c@affil=\count81
\c@collab=\count82
\absbox=\box27
ltxgrid[2010/07/25/20:33:00 4.1r page grid package (portions licensed from W. E
. Baxter web at superscript.com)]
\c@linecount=\count83
\output@latex=\toks14
\box@size@1=\box28
\box@size@2=\box29
\@protection@box=\box30
\@topmark@saved=\toks15
\footins@saved=\box31
\footins@recovered=\box32
\column@recovered=\box33
\pagesofar=\box34
\footsofar=\box35
\pagegrid@col=\count84
Class revtex4-1 Info: Overriding \@vspace, \@vspacer, \@no@pgbk, \@newline, and
 \\  on input line 5578.
\c@part=\count85
\c@section=\count86
\c@subsection=\count87
\c@subsubsection=\count88
\c@paragraph=\count89
\c@subparagraph=\count90
\abovecaptionskip=\skip42
\belowcaptionskip=\skip43
\c@figure=\count91
\fbox@1=\box36
\c@table=\count92
\fbox@2=\box37
\c@video=\count93
\fbox@4=\box38
\@bibdataout=\write3
\widetext@top=\box39
\widetext@bot=\box40
Class revtex4-1 Info: Selecting society aps on input line 7542.
(/usr/share/texlive/texmf-dist/tex/latex/revtex/aps4-1.rtx
File: aps4-1 2010/07/25/20:33:00 4.1r (http://publish.aps.org/revtex4/ for docu
mentation)
Class revtex4-1 Info: RevTeX society APS selected on input line 31.
)
Class revtex4-1 Info: Selecting journal pre on input line 7544.
Class revtex4-1 Info: APS journal PRE selected on input line 7545.


Class revtex4-1 Warning: No type size specified, using default 10.

(/usr/share/texlive/texmf-dist/tex/latex/revtex/aps10pt4-1.rtx
File: aps10pt4-1 2010/07/25/20:33:00 4.1r (http://publish.aps.org/revtex4/ for 
documentation)
Class revtex4-1 Info: RevTeX pointsize 10pt selected on input line 30.
)
(/usr/share/texlive/texmf-dist/tex/latex/textcase/textcase.sty
Package: textcase 2004/10/07 v0.07 Text only upper/lower case changing (DPC)
)
(/usr/share/texlive/texmf-dist/tex/latex/url/url.sty
\Urlmuskip=\muskip10
Package: url 2013/09/16  ver 3.4  Verb mode for urls, etc.
)
(/usr/share/texlive/texmf-dist/tex/latex/natbib/natbib.sty
Package: natbib 2010/09/13 8.31b (PWD, AO)
\bibhang=\skip44
\bibsep=\skip45
LaTeX Info: Redefining \cite on input line 694.
\c@NAT@ctr=\count94
)
Class revtex4-1 Info: Repairing natbib's \BibitemShut on input line 7549.

(/usr/share/texlive/texmf-dist/tex/latex/revtex/revsymb4-1.sty
Package: revsymb4-1 2010/07/25/20:33:00 4.1r (http://publish.aps.org/revtex4/ f
or documentation)
LaTeX Info: Redefining \REV@mathfrak on input line 119.
))
(/usr/share/texlive/texmf-dist/tex/latex/base/inputenc.sty
Package: inputenc 2008/03/30 v1.1d Input encoding file
\inpenc@prehook=\toks16
\inpenc@posthook=\toks17

(/usr/share/texlive/texmf-dist/tex/latex/base/utf8.def
File: utf8.def 2008/04/05 v1.1m UTF-8 support for inputenc
Now handling font encoding OML ...
... no UTF-8 mapping file for font encoding OML
Now handling font encoding T1 ...
... processing UTF-8 mapping file for font encoding T1

(/usr/share/texlive/texmf-dist/tex/latex/base/t1enc.dfu
File: t1enc.dfu 2008/04/05 v1.1m UTF-8 support for inputenc
   defining Unicode char U+00A1 (decimal 161)
   defining Unicode char U+00A3 (decimal 163)
   defining Unicode char U+00AB (decimal 171)
   defining Unicode char U+00BB (decimal 187)
   defining Unicode char U+00BF (decimal 191)
   defining Unicode char U+00C0 (decimal 192)
   defining Unicode char U+00C1 (decimal 193)
   defining Unicode char U+00C2 (decimal 194)
   defining Unicode char U+00C3 (decimal 195)
   defining Unicode char U+00C4 (decimal 196)
   defining Unicode char U+00C5 (decimal 197)
   defining Unicode char U+00C6 (decimal 198)
   defining Unicode char U+00C7 (decimal 199)
   defining Unicode char U+00C8 (decimal 200)
   defining Unicode char U+00C9 (decimal 201)
   defining Unicode char U+00CA (decimal 202)
   defining Unicode char U+00CB (decimal 203)
   defining Unicode char U+00CC (decimal 204)
   defining Unicode char U+00CD (decimal 205)
   defining Unicode char U+00CE (decimal 206)
   defining Unicode char U+00CF (decimal 207)
   defining Unicode char U+00D0 (decimal 208)
   defining Unicode char U+00D1 (decimal 209)
   defining Unicode char U+00D2 (decimal 210)
   defining Unicode char U+00D3 (decimal 211)
   defining Unicode char U+00D4 (decimal 212)
   defining Unicode char U+00D5 (decimal 213)
   defining Unicode char U+00D6 (decimal 214)
   defining Unicode char U+00D8 (decimal 216)
   defining Unicode char U+00D9 (decimal 217)
   defining Unicode char U+00DA (decimal 218)
   defining Unicode char U+00DB (decimal 219)
   defining Unicode char U+00DC (decimal 220)
   defining Unicode char U+00DD (decimal 221)
   defining Unicode char U+00DE (decimal 222)
   defining Unicode char U+00DF (decimal 223)
   defining Unicode char U+00E0 (decimal 224)
   defining Unicode char U+00E1 (decimal 225)
   defining Unicode char U+00E2 (decimal 226)
   defining Unicode char U+00E3 (decimal 227)
   defining Unicode char U+00E4 (decimal 228)
   defining Unicode char U+00E5 (decimal 229)
   defining Unicode char U+00E6 (decimal 230)
   defining Unicode char U+00E7 (decimal 231)
   defining Unicode char U+00E8 (decimal 232)
   defining Unicode char U+00E9 (decimal 233)
   defining Unicode char U+00EA (decimal 234)
   defining Unicode char U+00EB (decimal 235)
   defining Unicode char U+00EC (decimal 236)
   defining Unicode char U+00ED (decimal 237)
   defining Unicode char U+00EE (decimal 238)
   defining Unicode char U+00EF (decimal 239)
   defining Unicode char U+00F0 (decimal 240)
   defining Unicode char U+00F1 (decimal 241)
   defining Unicode char U+00F2 (decimal 242)
   defining Unicode char U+00F3 (decimal 243)
   defining Unicode char U+00F4 (decimal 244)
   defining Unicode char U+00F5 (decimal 245)
   defining Unicode char U+00F6 (decimal 246)
   defining Unicode char U+00F8 (decimal 248)
   defining Unicode char U+00F9 (decimal 249)
   defining Unicode char U+00FA (decimal 250)
   defining Unicode char U+00FB (decimal 251)
   defining Unicode char U+00FC (decimal 252)
   defining Unicode char U+00FD (decimal 253)
   defining Unicode char U+00FE (decimal 254)
   defining Unicode char U+00FF (decimal 255)
   defining Unicode char U+0102 (decimal 258)
   defining Unicode char U+0103 (decimal 259)
   defining Unicode char U+0104 (decimal 260)
   defining Unicode char U+0105 (decimal 261)
   defining Unicode char U+0106 (decimal 262)
   defining Unicode char U+0107 (decimal 263)
   defining Unicode char U+010C (decimal 268)
   defining Unicode char U+010D (decimal 269)
   defining Unicode char U+010E (decimal 270)
   defining Unicode char U+010F (decimal 271)
   defining Unicode char U+0110 (decimal 272)
   defining Unicode char U+0111 (decimal 273)
   defining Unicode char U+0118 (decimal 280)
   defining Unicode char U+0119 (decimal 281)
   defining Unicode char U+011A (decimal 282)
   defining Unicode char U+011B (decimal 283)
   defining Unicode char U+011E (decimal 286)
   defining Unicode char U+011F (decimal 287)
   defining Unicode char U+0130 (decimal 304)
   defining Unicode char U+0131 (decimal 305)
   defining Unicode char U+0132 (decimal 306)
   defining Unicode char U+0133 (decimal 307)
   defining Unicode char U+0139 (decimal 313)
   defining Unicode char U+013A (decimal 314)
   defining Unicode char U+013D (decimal 317)
   defining Unicode char U+013E (decimal 318)
   defining Unicode char U+0141 (decimal 321)
   defining Unicode char U+0142 (decimal 322)
   defining Unicode char U+0143 (decimal 323)
   defining Unicode char U+0144 (decimal 324)
   defining Unicode char U+0147 (decimal 327)
   defining Unicode char U+0148 (decimal 328)
   defining Unicode char U+014A (decimal 330)
   defining Unicode char U+014B (decimal 331)
   defining Unicode char U+0150 (decimal 336)
   defining Unicode char U+0151 (decimal 337)
   defining Unicode char U+0152 (decimal 338)
   defining Unicode char U+0153 (decimal 339)
   defining Unicode char U+0154 (decimal 340)
   defining Unicode char U+0155 (decimal 341)
   defining Unicode char U+0158 (decimal 344)
   defining Unicode char U+0159 (decimal 345)
   defining Unicode char U+015A (decimal 346)
   defining Unicode char U+015B (decimal 347)
   defining Unicode char U+015E (decimal 350)
   defining Unicode char U+015F (decimal 351)
   defining Unicode char U+0160 (decimal 352)
   defining Unicode char U+0161 (decimal 353)
   defining Unicode char U+0162 (decimal 354)
   defining Unicode char U+0163 (decimal 355)
   defining Unicode char U+0164 (decimal 356)
   defining Unicode char U+0165 (decimal 357)
   defining Unicode char U+016E (decimal 366)
   defining Unicode char U+016F (decimal 367)
   defining Unicode char U+0170 (decimal 368)
   defining Unicode char U+0171 (decimal 369)
   defining Unicode char U+0178 (decimal 376)
   defining Unicode char U+0179 (decimal 377)
   defining Unicode char U+017A (decimal 378)
   defining Unicode char U+017B (decimal 379)
   defining Unicode char U+017C (decimal 380)
   defining Unicode char U+017D (decimal 381)
   defining Unicode char U+017E (decimal 382)
   defining Unicode char U+200C (decimal 8204)
   defining Unicode char U+2013 (decimal 8211)
   defining Unicode char U+2014 (decimal 8212)
   defining Unicode char U+2018 (decimal 8216)
   defining Unicode char U+2019 (decimal 8217)
   defining Unicode char U+201A (decimal 8218)
   defining Unicode char U+201C (decimal 8220)
   defining Unicode char U+201D (decimal 8221)
   defining Unicode char U+201E (decimal 8222)
   defining Unicode char U+2030 (decimal 8240)
   defining Unicode char U+2031 (decimal 8241)
   defining Unicode char U+2039 (decimal 8249)
   defining Unicode char U+203A (decimal 8250)
   defining Unicode char U+2423 (decimal 9251)
)
Now handling font encoding OT1 ...
... processing UTF-8 mapping file for font encoding OT1

(/usr/share/texlive/texmf-dist/tex/latex/base/ot1enc.dfu
File: ot1enc.dfu 2008/04/05 v1.1m UTF-8 support for inputenc
   defining Unicode char U+00A1 (decimal 161)
   defining Unicode char U+00A3 (decimal 163)
   defining Unicode char U+00B8 (decimal 184)
   defining Unicode char U+00BF (decimal 191)
   defining Unicode char U+00C5 (decimal 197)
   defining Unicode char U+00C6 (decimal 198)
   defining Unicode char U+00D8 (decimal 216)
   defining Unicode char U+00DF (decimal 223)
   defining Unicode char U+00E6 (decimal 230)
   defining Unicode char U+00EC (decimal 236)
   defining Unicode char U+00ED (decimal 237)
   defining Unicode char U+00EE (decimal 238)
   defining Unicode char U+00EF (decimal 239)
   defining Unicode char U+00F8 (decimal 248)
   defining Unicode char U+0131 (decimal 305)
   defining Unicode char U+0141 (decimal 321)
   defining Unicode char U+0142 (decimal 322)
   defining Unicode char U+0152 (decimal 338)
   defining Unicode char U+0153 (decimal 339)
   defining Unicode char U+2013 (decimal 8211)
   defining Unicode char U+2014 (decimal 8212)
   defining Unicode char U+2018 (decimal 8216)
   defining Unicode char U+2019 (decimal 8217)
   defining Unicode char U+201C (decimal 8220)
   defining Unicode char U+201D (decimal 8221)
)
Now handling font encoding OMS ...
... processing UTF-8 mapping file for font encoding OMS

(/usr/share/texlive/texmf-dist/tex/latex/base/omsenc.dfu
File: omsenc.dfu 2008/04/05 v1.1m UTF-8 support for inputenc
   defining Unicode char U+00A7 (decimal 167)
   defining Unicode char U+00B6 (decimal 182)
   defining Unicode char U+00B7 (decimal 183)
   defining Unicode char U+2020 (decimal 8224)
   defining Unicode char U+2021 (decimal 8225)
   defining Unicode char U+2022 (decimal 8226)
)
Now handling font encoding OMX ...
... no UTF-8 mapping file for font encoding OMX
Now handling font encoding U ...
... no UTF-8 mapping file for font encoding U
   defining Unicode char U+00A9 (decimal 169)
   defining Unicode char U+00AA (decimal 170)
   defining Unicode char U+00AE (decimal 174)
   defining Unicode char U+00BA (decimal 186)
   defining Unicode char U+02C6 (decimal 710)
   defining Unicode char U+02DC (decimal 732)
   defining Unicode char U+200C (decimal 8204)
   defining Unicode char U+2026 (decimal 8230)
   defining Unicode char U+2122 (decimal 8482)
   defining Unicode char U+2423 (decimal 9251)
))
(/usr/share/texlive/texmf-dist/tex/generic/babel/babel.sty
Package: babel 2013/12/03 3.9h The Babel package

(/usr/share/texlive/texmf-dist/tex/generic/babel-english/english.ldf
Language: english 2012/08/20 v3.3p English support from the babel system

(/usr/share/texlive/texmf-dist/tex/generic/babel/babel.def
File: babel.def 2013/12/03 3.9h Babel common definitions
\babel@savecnt=\count95
\U@D=\dimen102
)
\l@canadian = a dialect from \language\l@american 
\l@australian = a dialect from \language\l@british 
\l@newzealand = a dialect from \language\l@british 
))
(/usr/share/texlive/texmf-dist/tex/latex/hyperref/hyperref.sty
Package: hyperref 2012/11/06 v6.83m Hypertext links for LaTeX

(/usr/share/texlive/texmf-dist/tex/generic/oberdiek/hobsub-hyperref.sty
Package: hobsub-hyperref 2012/05/28 v1.13 Bundle oberdiek, subset hyperref (HO)


(/usr/share/texlive/texmf-dist/tex/generic/oberdiek/hobsub-generic.sty
Package: hobsub-generic 2012/05/28 v1.13 Bundle oberdiek, subset generic (HO)
Package: hobsub 2012/05/28 v1.13 Construct package bundles (HO)
Package: infwarerr 2010/04/08 v1.3 Providing info/warning/error messages (HO)
Package: ltxcmds 2011/11/09 v1.22 LaTeX kernel commands for general use (HO)
Package: ifluatex 2010/03/01 v1.3 Provides the ifluatex switch (HO)
Package ifluatex Info: LuaTeX not detected.
Package: ifvtex 2010/03/01 v1.5 Detect VTeX and its facilities (HO)
Package ifvtex Info: VTeX not detected.
Package: intcalc 2007/09/27 v1.1 Expandable calculations with integers (HO)
Package: ifpdf 2011/01/30 v2.3 Provides the ifpdf switch (HO)
Package ifpdf Info: pdfTeX in PDF mode is detected.
Package: etexcmds 2011/02/16 v1.5 Avoid name clashes with e-TeX commands (HO)
Package etexcmds Info: Could not find \expanded.
(etexcmds)             That can mean that you are not using pdfTeX 1.50 or
(etexcmds)             that some package has redefined \expanded.
(etexcmds)             In the latter case, load this package earlier.
Package: kvsetkeys 2012/04/25 v1.16 Key value parser (HO)
Package: kvdefinekeys 2011/04/07 v1.3 Define keys (HO)
Package: pdftexcmds 2011/11/29 v0.20 Utility functions of pdfTeX for LuaTeX (HO
)
Package pdftexcmds Info: LuaTeX not detected.
Package pdftexcmds Info: \pdf@primitive is available.
Package pdftexcmds Info: \pdf@ifprimitive is available.
Package pdftexcmds Info: \pdfdraftmode found.
Package: pdfescape 2011/11/25 v1.13 Implements pdfTeX's escape features (HO)
Package: bigintcalc 2012/04/08 v1.3 Expandable calculations on big integers (HO
)
Package: bitset 2011/01/30 v1.1 Handle bit-vector datatype (HO)
Package: uniquecounter 2011/01/30 v1.2 Provide unlimited unique counter (HO)
)
Package hobsub Info: Skipping package `hobsub' (already loaded).
Package: letltxmacro 2010/09/02 v1.4 Let assignment for LaTeX macros (HO)
Package: hopatch 2012/05/28 v1.2 Wrapper for package hooks (HO)
Package: xcolor-patch 2011/01/30 xcolor patch
Package: atveryend 2011/06/30 v1.8 Hooks at the very end of document (HO)
Package: atbegshi 2011/10/05 v1.16 At begin shipout hook (HO)
Package: refcount 2011/10/16 v3.4 Data extraction from label references (HO)
Package: hycolor 2011/01/30 v1.7 Color options for hyperref/bookmark (HO)
)
(/usr/share/texlive/texmf-dist/tex/latex/graphics/keyval.sty
Package: keyval 1999/03/16 v1.13 key=value parser (DPC)
\KV@toks@=\toks18
)
(/usr/share/texlive/texmf-dist/tex/generic/ifxetex/ifxetex.sty
Package: ifxetex 2010/09/12 v0.6 Provides ifxetex conditional
)
(/usr/share/texlive/texmf-dist/tex/latex/oberdiek/auxhook.sty
Package: auxhook 2011/03/04 v1.3 Hooks for auxiliary files (HO)
)
(/usr/share/texlive/texmf-dist/tex/latex/oberdiek/kvoptions.sty
Package: kvoptions 2011/06/30 v3.11 Key value format for package options (HO)
)
\@linkdim=\dimen103
\Hy@linkcounter=\count96
\Hy@pagecounter=\count97

(/usr/share/texlive/texmf-dist/tex/latex/hyperref/pd1enc.def
File: pd1enc.def 2012/11/06 v6.83m Hyperref: PDFDocEncoding definition (HO)
Now handling font encoding PD1 ...
... no UTF-8 mapping file for font encoding PD1
)
\Hy@SavedSpaceFactor=\count98

(/usr/share/texlive/texmf-dist/tex/latex/latexconfig/hyperref.cfg
File: hyperref.cfg 2002/06/06 v1.2 hyperref configuration of TeXLive
)
Package hyperref Info: Hyper figures OFF on input line 4443.
Package hyperref Info: Link nesting OFF on input line 4448.
Package hyperref Info: Hyper index ON on input line 4451.
Package hyperref Info: Plain pages OFF on input line 4458.
Package hyperref Info: Backreferencing OFF on input line 4463.
Package hyperref Info: Implicit mode ON; LaTeX internals redefined.
Package hyperref Info: Bookmarks ON on input line 4688.
LaTeX Info: Redefining \href on input line 4952.
\c@Hy@tempcnt=\count99
LaTeX Info: Redefining \url on input line 5041.
\XeTeXLinkMargin=\dimen104
\Fld@menulength=\count100
\Field@Width=\dimen105
\Fld@charsize=\dimen106
Package hyperref Info: Hyper figures OFF on input line 6295.
Package hyperref Info: Link nesting OFF on input line 6300.
Package hyperref Info: Hyper index ON on input line 6303.
Package hyperref Info: backreferencing OFF on input line 6310.
Package hyperref Info: Link coloring OFF on input line 6315.
Package hyperref Info: Link coloring with OCG OFF on input line 6320.
Package hyperref Info: PDF/A mode OFF on input line 6325.
LaTeX Info: Redefining \ref on input line 6365.
LaTeX Info: Redefining \pageref on input line 6369.
\Hy@abspage=\count101
\c@Item=\count102
\c@Hfootnote=\count103
)

Package hyperref Message: Driver (autodetected): hpdftex.

(/usr/share/texlive/texmf-dist/tex/latex/hyperref/hpdftex.def
File: hpdftex.def 2012/11/06 v6.83m Hyperref driver for pdfTeX
\Fld@listcount=\count104
\c@bookmark@seq@number=\count105

(/usr/share/texlive/texmf-dist/tex/latex/oberdiek/rerunfilecheck.sty
Package: rerunfilecheck 2011/04/15 v1.7 Rerun checks for auxiliary files (HO)
Package uniquecounter Info: New unique counter `rerunfilecheck' on input line 2
82.
)
\Hy@SectionHShift=\skip46
)
(/usr/share/texlive/texmf-dist/tex/latex/amsmath/amsmath.sty
Package: amsmath 2013/01/14 v2.14 AMS math features
\@mathmargin=\skip47

For additional information on amsmath, use the `?' option.
(/usr/share/texlive/texmf-dist/tex/latex/amsmath/amstext.sty
Package: amstext 2000/06/29 v2.01

(/usr/share/texlive/texmf-dist/tex/latex/amsmath/amsgen.sty
File: amsgen.sty 1999/11/30 v2.0
\@emptytoks=\toks19
\ex@=\dimen107
)
LaTeX Info: Redefining \text on input line 39.
)
(/usr/share/texlive/texmf-dist/tex/latex/amsmath/amsbsy.sty
Package: amsbsy 1999/11/29 v1.2d
\pmbraise@=\dimen108
)
(/usr/share/texlive/texmf-dist/tex/latex/amsmath/amsopn.sty
Package: amsopn 1999/12/14 v2.01 operator names
)
\inf@bad=\count106
LaTeX Info: Redefining \frac on input line 210.
\uproot@=\count107
\leftroot@=\count108
LaTeX Info: Redefining \overline on input line 306.
\classnum@=\count109
\DOTSCASE@=\count110
LaTeX Info: Redefining \ldots on input line 378.
LaTeX Info: Redefining \dots on input line 381.
LaTeX Info: Redefining \cdots on input line 466.
\Mathstrutbox@=\box41
\strutbox@=\box42
\big@size=\dimen109
LaTeX Font Info:    Redeclaring font encoding OML on input line 566.
LaTeX Font Info:    Redeclaring font encoding OMS on input line 567.
\macc@depth=\count111
\c@MaxMatrixCols=\count112
\dotsspace@=\muskip11
\c@parentequation=\count113
\dspbrk@lvl=\count114
\tag@help=\toks20
\row@=\count115
\column@=\count116
\maxfields@=\count117
\andhelp@=\toks21
\eqnshift@=\dimen110
\alignsep@=\dimen111
\tagshift@=\dimen112
\tagwidth@=\dimen113
\totwidth@=\dimen114
\lineht@=\dimen115
\@envbody=\toks22
\multlinegap=\skip48
\multlinetaggap=\skip49
\mathdisplay@stack=\toks23
LaTeX Info: Redefining \[ on input line 2665.
LaTeX Info: Redefining \] on input line 2666.
)
(/usr/share/texlive/texmf-dist/tex/latex/amsfonts/amssymb.sty
Package: amssymb 2013/01/14 v3.01 AMS font symbols

(/usr/share/texlive/texmf-dist/tex/latex/amsfonts/amsfonts.sty
Package: amsfonts 2013/01/14 v3.01 Basic AMSFonts support
\symAMSa=\mathgroup4
\symAMSb=\mathgroup5
LaTeX Font Info:    Overwriting math alphabet `\mathfrak' in version `bold'
(Font)                  U/euf/m/n --> U/euf/b/n on input line 106.
LaTeX Info: Redefining \frak on input line 111.
LaTeX Info: Redefining \Bbb on input line 113.
))
(/usr/share/texlive/texmf-dist/tex/latex/amsmath/amscd.sty
Package: amscd 1999/11/29 v2.0
\athelp@=\toks24
\minaw@=\dimen116
\bigaw@=\dimen117
\minCDarrowwidth=\dimen118
)
(/usr/share/texlive/texmf-dist/tex/latex/mh/mathtools.sty
Package: mathtools 2013/02/12 v1.13 mathematical typesetting tools

(/usr/share/texlive/texmf-dist/tex/latex/tools/calc.sty
Package: calc 2007/08/22 v4.3 Infix arithmetic (KKT,FJ)
\calc@Acount=\count118
\calc@Bcount=\count119
\calc@Adimen=\dimen119
\calc@Bdimen=\dimen120
\calc@Askip=\skip50
\calc@Bskip=\skip51
LaTeX Info: Redefining \setlength on input line 76.
LaTeX Info: Redefining \addtolength on input line 77.
\calc@Ccount=\count120
\calc@Cskip=\skip52
)
(/usr/share/texlive/texmf-dist/tex/latex/mh/mhsetup.sty
Package: mhsetup 2010/01/21 v1.2a programming setup (MH)
)
LaTeX Info: Thecontrolsequence`\['isalreadyrobust on input line 129.
LaTeX Info: Thecontrolsequence`\]'isalreadyrobust on input line 129.
\g_MT_multlinerow_int=\count121
\l_MT_multwidth_dim=\dimen121
\origjot=\skip53
\l_MT_shortvdotswithinadjustabove_dim=\dimen122
\l_MT_shortvdotswithinadjustbelow_dim=\dimen123
\l_MT_above_intertext_sep=\dimen124
\l_MT_below_intertext_sep=\dimen125
\l_MT_above_shortintertext_sep=\dimen126
\l_MT_below_shortintertext_sep=\dimen127
)
(/usr/share/texlive/texmf-dist/tex/latex/esint/esint.sty
Package: esint 
\symlargesymbolsA=\mathgroup6
)
(/usr/share/texlive/texmf-dist/tex/latex/graphics/color.sty
Package: color 2005/11/14 v1.0j Standard LaTeX Color (DPC)

(/usr/share/texlive/texmf-dist/tex/latex/latexconfig/color.cfg
File: color.cfg 2007/01/18 v1.5 color configuration of teTeX/TeXLive
)
Package color Info: Driver file: pdftex.def on input line 130.

(/usr/share/texlive/texmf-dist/tex/latex/pdftex-def/pdftex.def
File: pdftex.def 2011/05/27 v0.06d Graphics/color for pdfTeX
\Gread@gobject=\count122
))
(/usr/share/texlive/texmf-dist/tex/latex/graphics/graphicx.sty
Package: graphicx 1999/02/16 v1.0f Enhanced LaTeX Graphics (DPC,SPQR)

(/usr/share/texlive/texmf-dist/tex/latex/graphics/graphics.sty
Package: graphics 2009/02/05 v1.0o Standard LaTeX Graphics (DPC,SPQR)

(/usr/share/texlive/texmf-dist/tex/latex/graphics/trig.sty
Package: trig 1999/03/16 v1.09 sin cos tan (DPC)
)
(/usr/share/texlive/texmf-dist/tex/latex/latexconfig/graphics.cfg
File: graphics.cfg 2010/04/23 v1.9 graphics configuration of TeX Live
)
Package graphics Info: Driver file: pdftex.def on input line 91.
)
\Gin@req@height=\dimen128
\Gin@req@width=\dimen129
)
(/usr/share/texlive/texmf-dist/tex/latex/subfigure/subfigure.sty
Package: subfigure 2002/03/15 v2.1.5 subfigure package
\subfigtopskip=\skip54
\subfigcapskip=\skip55
\subfigcaptopadj=\dimen130
\subfigbottomskip=\skip56
\subfigcapmargin=\dimen131
\subfiglabelskip=\skip57
\c@subfigure=\count123
\c@lofdepth=\count124
\c@subtable=\count125
\c@lotdepth=\count126

****************************************
* Local config file subfigure.cfg used *
****************************************
(/usr/share/texlive/texmf-dist/tex/latex/subfigure/subfigure.cfg)
\subfig@top=\skip58
\subfig@bottom=\skip59
)
(/usr/share/texlive/texmf-dist/tex/latex/was/upgreek.sty
Package: upgreek 2003/02/12 v2.0 (WaS)
Package upgreek Info: Using Euler Roman for upright Greek on input line 31.
\symugrf@m=\mathgroup7
LaTeX Font Info:    Overwriting symbol font `ugrf@m' in version `bold'
(Font)                  U/eur/m/n --> U/eur/b/n on input line 38.
)
(/usr/share/texlive/texmf-dist/tex/latex/tools/dcolumn.sty
Package: dcolumn 2001/05/28 v1.06 decimal alignment package (DPC)

(/usr/share/texlive/texmf-dist/tex/latex/tools/array.sty
Package: array 2008/09/09 v2.4c Tabular extension package (FMi)
\col@sep=\dimen132
\extrarowheight=\dimen133
\NC@list=\toks25
\extratabsurround=\skip60
\backup@length=\skip61
))
Class revtex4-1 Info: Patching array package. on input line 32.
Class revtex4-1 Info: Robustifying \LaTeX's \boldmath command on input line 32.

Class revtex4-1 Info: cite was not loaded (OK!) on input line 32.
Class revtex4-1 Info: mcite was not loaded (OK!) on input line 32.
Class revtex4-1 Info: multicol was not loaded (OK!) on input line 32.
 (./Ratchet.aux)
\openout1 = `Ratchet.aux'.

LaTeX Font Info:    Checking defaults for OML/cmm/m/it on input line 32.
LaTeX Font Info:    ... okay on input line 32.
LaTeX Font Info:    Checking defaults for T1/cmr/m/n on input line 32.
LaTeX Font Info:    ... okay on input line 32.
LaTeX Font Info:    Checking defaults for OT1/cmr/m/n on input line 32.
LaTeX Font Info:    ... okay on input line 32.
LaTeX Font Info:    Checking defaults for OMS/cmsy/m/n on input line 32.
LaTeX Font Info:    ... okay on input line 32.
LaTeX Font Info:    Checking defaults for OMX/cmex/m/n on input line 32.
LaTeX Font Info:    ... okay on input line 32.
LaTeX Font Info:    Checking defaults for U/cmr/m/n on input line 32.
LaTeX Font Info:    ... okay on input line 32.
LaTeX Font Info:    Checking defaults for PD1/pdf/m/n on input line 32.
LaTeX Font Info:    ... okay on input line 32.
\AtBeginShipoutBox=\box43
Package hyperref Info: Link coloring OFF on input line 32.

(/usr/share/texlive/texmf-dist/tex/latex/hyperref/nameref.sty
Package: nameref 2012/10/27 v2.43 Cross-referencing by name of section

(/usr/share/texlive/texmf-dist/tex/generic/oberdiek/gettitlestring.sty
Package: gettitlestring 2010/12/03 v1.4 Cleanup title references (HO)
)
\c@section@level=\count127
)
LaTeX Info: Redefining \ref on input line 32.
LaTeX Info: Redefining \pageref on input line 32.
LaTeX Info: Redefining \nameref on input line 32.

(./Ratchet.out) (./Ratchet.out)
\@outlinefile=\write4
\openout4 = `Ratchet.out'.


(/usr/share/texlive/texmf-dist/tex/context/base/supp-pdf.mkii
[Loading MPS to PDF converter (version 2006.09.02).]
\scratchcounter=\count128
\scratchdimen=\dimen134
\scratchbox=\box44
\nofMPsegments=\count129
\nofMParguments=\count130
\everyMPshowfont=\toks26
\MPscratchCnt=\count131
\MPscratchDim=\dimen135
\MPnumerator=\count132
\makeMPintoPDFobject=\count133
\everyMPtoPDFconversion=\toks27
) (/usr/share/texlive/texmf-dist/tex/latex/oberdiek/epstopdf-base.sty
Package: epstopdf-base 2010/02/09 v2.5 Base part for package epstopdf

(/usr/share/texlive/texmf-dist/tex/latex/oberdiek/grfext.sty
Package: grfext 2010/08/19 v1.1 Manage graphics extensions (HO)
)
Package grfext Info: Graphics extension search list:
(grfext)             [.png,.pdf,.jpg,.mps,.jpeg,.jbig2,.jb2,.PNG,.PDF,.JPG,.JPE
G,.JBIG2,.JB2,.eps]
(grfext)             \AppendGraphicsExtensions on input line 452.

(/usr/share/texlive/texmf-dist/tex/latex/latexconfig/epstopdf-sys.cfg
File: epstopdf-sys.cfg 2010/07/13 v1.3 Configuration of (r)epstopdf for TeX Liv
e
))
Class revtex4-1 Info: Taking \maketitle back from hyperref on input line 32.
\openout3 = `RatchetNotes.bib'.

LaTeX Font Info:    Try loading font information for U+msa on input line 54.

(/usr/share/texlive/texmf-dist/tex/latex/amsfonts/umsa.fd
File: umsa.fd 2013/01/14 v3.01 AMS symbols A
)
LaTeX Font Info:    Try loading font information for U+msb on input line 54.

(/usr/share/texlive/texmf-dist/tex/latex/amsfonts/umsb.fd
File: umsb.fd 2013/01/14 v3.01 AMS symbols B
)
LaTeX Font Info:    Try loading font information for U+esint on input line 54.

(/usr/share/texlive/texmf-dist/tex/latex/esint/uesint.fd
File: uesint.fd 
)
Underfull \hbox (badness 1642) in paragraph at lines 82--91
[]\OT1/cmr/m/n/10 This mech-a-nism pro-vides a mo-ti-va-tion for us-ing
 []

[1{/var/lib/texmf/fonts/map/pdftex/updmap/pdftex.map}]
<ratchet_illustration.png, id=283, 574.0647pt x 183.44534pt>
File: ratchet_illustration.png Graphic file (type png)

<use ratchet_illustration.png>
Package pdftex.def Info: ratchet_illustration.png used on input line 152.
(pdftex.def)             Requested size: 221.3985pt x 70.74843pt.
 [2 <./ratchet_illustration.png>]
<energy.png, id=301, 578.16pt x 262.53676pt>
File: energy.png Graphic file (type png)
 <use energy.png>
Package pdftex.def Info: energy.png used on input line 206.
(pdftex.def)             Requested size: 221.3985pt x 100.53415pt.
 [3 <./energy.png>] <load_on_polymer_illustration.png, id=369, 574.0647pt x 186
.2157pt>
File: load_on_polymer_illustration.png Graphic file (type png)

<use load_on_polymer_illustration.png>
Package pdftex.def Info: load_on_polymer_illustration.png used on input line 31
6.
(pdftex.def)             Requested size: 221.3985pt x 71.81686pt.

<tug_F_illustration.png, id=373, 311.12234pt x 86.54332pt>
File: tug_F_illustration.png Graphic file (type png)

<use tug_F_illustration.png>
Package pdftex.def Info: tug_F_illustration.png used on input line 357.
(pdftex.def)             Requested size: 221.3985pt x 61.58746pt.
 [4 <./load_on_polymer_illustration.png> <./tug_F_illustration.png>] <tug.png, 
id=403, 389.5353pt x 90.0966pt>
File: tug.png Graphic file (type png)
 <use tug.png>
Package pdftex.def Info: tug.png used on input line 412.
(pdftex.def)             Requested size: 221.3985pt x 51.2071pt.

[5 <./tug.png>] <c_v_4heads.pdf, id=429, 361.35pt x 216.81pt>
File: c_v_4heads.pdf Graphic file (type pdf)

<use c_v_4heads.pdf>
Package pdftex.def Info: c_v_4heads.pdf used on input line 480.
(pdftex.def)             Requested size: 221.3985pt x 132.83946pt.
 <v_k.pdf, id=436, 361.35pt x 216.81pt>
File: v_k.pdf Graphic file (type pdf)
 <use v_k.pdf>
Package pdftex.def Info: v_k.pdf used on input line 498.
(pdftex.def)             Requested size: 221.3985pt x 132.83946pt.

<F_v.pdf, id=442, 361.35pt x 216.81pt>
File: F_v.pdf Graphic file (type pdf)
 <use F_v.pdf>
Package pdftex.def Info: F_v.pdf used on input line 523.
(pdftex.def)             Requested size: 221.3985pt x 132.83946pt.
 [6 <./c_v_4heads.pdf> <./v_k.pdf

pdfTeX warning: pdflatex (file ./v_k.pdf): PDF inclusion: multiple pdfs with pa
ge group included in a single page
> <./F_v.pdf

pdfTeX warning: pdflatex (file ./F_v.pdf): PDF inclusion: multiple pdfs with pa
ge group included in a single page
>] <F_v_heads.pdf, id=512, 361.35pt x 216.81pt>
File: F_v_heads.pdf Graphic file (type pdf)
 <use F_v_heads.pdf>
Package pdftex.def Info: F_v_heads.pdf used on input line 546.
(pdftex.def)             Requested size: 221.3985pt x 132.83946pt.

<F_v_zoom.pdf, id=518, 361.35pt x 216.81pt>
File: F_v_zoom.pdf Graphic file (type pdf)
 <use F_v_zoom.pdf>
Package pdftex.def Info: F_v_zoom.pdf used on input line 570.
(pdftex.def)             Requested size: 221.3985pt x 132.83946pt.

<k_Fstall.pdf, id=523, 361.35pt x 216.81pt>
File: k_Fstall.pdf Graphic file (type pdf)
 <use k_Fstall.pdf>
Package pdftex.def Info: k_Fstall.pdf used on input line 587.
(pdftex.def)             Requested size: 221.3985pt x 132.83946pt.

<F_v_temp.pdf, id=526, 361.35pt x 216.81pt>
File: F_v_temp.pdf Graphic file (type pdf)
 <use F_v_temp.pdf>
Package pdftex.def Info: F_v_temp.pdf used on input line 605.
(pdftex.def)             Requested size: 221.3985pt x 132.83946pt.

<F_v_temp_zoom.pdf, id=527, 361.35pt x 216.81pt>
File: F_v_temp_zoom.pdf Graphic file (type pdf)
 <use F_v_temp_zoom.pdf>
Package pdftex.def Info: F_v_temp_zoom.pdf used on input line 615.
(pdftex.def)             Requested size: 221.3985pt x 132.83946pt.

[7 <./F_v_heads.pdf> <./F_v_zoom.pdf

pdfTeX warning: pdflatex (file ./F_v_zoom.pdf): PDF inclusion: multiple pdfs wi
th page group included in a single page
> <./k_Fstall.pdf

pdfTeX warning: pdflatex (file ./k_Fstall.pdf): PDF inclusion: multiple pdfs wi
th page group included in a single page
>]

LaTeX Warning: A float is stuck (cannot be placed) on input line 630.


LaTeX Warning: A float is stuck (cannot be placed) on input line 630.


Class revtex4-1 Warning: Deferred float stuck during \clearpage processing.

<tension.pdf, id=597, 361.35pt x 216.81pt>
File: tension.pdf Graphic file (type pdf)
 <use tension.pdf>
Package pdftex.def Info: tension.pdf used on input line 686.
(pdftex.def)             Requested size: 221.3985pt x 132.83946pt.

<tension_heads.pdf, id=601, 361.35pt x 216.81pt>
File: tension_heads.pdf Graphic file (type pdf)
 <use tension_heads.pdf>
Package pdftex.def Info: tension_heads.pdf used on input line 695.
(pdftex.def)             Requested size: 221.3985pt x 132.83946pt.

[8 <./F_v_temp.pdf> <./F_v_temp_zoom.pdf

pdfTeX warning: pdflatex (file ./F_v_temp_zoom.pdf): PDF inclusion: multiple pd
fs with page group included in a single page
>]

LaTeX Warning: A float is stuck (cannot be placed) on input line 706.


LaTeX Warning: A float is stuck (cannot be placed) on input line 706.


Class revtex4-1 Warning: Deferred float stuck during \clearpage processing.

[9 <./tension.pdf> <./tension_heads.pdf

pdfTeX warning: pdflatex (file ./tension_heads.pdf): PDF inclusion: multiple pd
fs with page group included in a single page
>] <tug_F_motor.pdf, id=719, 361.35pt x 216.81pt>
File: tug_F_motor.pdf Graphic file (type pdf)
 <use tug_F_motor.pdf>
Package pdftex.def Info: tug_F_motor.pdf used on input line 796.
(pdftex.def)             Requested size: 221.3985pt x 132.83946pt.

<tug_F.pdf, id=721, 361.35pt x 216.81pt>
File: tug_F.pdf Graphic file (type pdf)
 <use tug_F.pdf>
Package pdftex.def Info: tug_F.pdf used on input line 816.
(pdftex.def)             Requested size: 221.3985pt x 132.83946pt.
 [10 <./tug_F_motor.pdf> <./tug_F.pdf

pdfTeX warning: pdflatex (file ./tug_F.pdf): PDF inclusion: multiple pdfs with 
page group included in a single page
>] <tug_k.pdf, id=783, 361.35pt x 216.81pt>
File: tug_k.pdf Graphic file (type pdf)
 <use tug_k.pdf>
Package pdftex.def Info: tug_k.pdf used on input line 870.
(pdftex.def)             Requested size: 221.3985pt x 132.83946pt.
 [11 <./tug_k.pdf>]
<energy_1head.pdf, id=836, 361.35pt x 216.81pt>
File: energy_1head.pdf Graphic file (type pdf)
 <use energy_1head.pdf>
Package pdftex.def Info: energy_1head.pdf used on input line 962.
(pdftex.def)             Requested size: 221.3985pt x 132.83946pt.
 [12 <./energy_1head.pdf>] [13] [14] <chemical_cycle.pdf, id=942, 361.35pt x 21
6.81pt>
File: chemical_cycle.pdf Graphic file (type pdf)

<use chemical_cycle.pdf>
Package pdftex.def Info: chemical_cycle.pdf used on input line 1324.
(pdftex.def)             Requested size: 221.3985pt x 132.83946pt.
 [15 <./chemical_cycle.pdf>]
<pos_distr_a_F.pdf, id=972, 361.35pt x 216.81pt>
File: pos_distr_a_F.pdf Graphic file (type pdf)
 <use pos_distr_a_F.pdf>
Package pdftex.def Info: pos_distr_a_F.pdf used on input line 1432.
(pdftex.def)             Requested size: 221.3985pt x 132.83946pt.

<pos_distr_d_F.pdf, id=973, 361.35pt x 216.81pt>
File: pos_distr_d_F.pdf Graphic file (type pdf)
 <use pos_distr_d_F.pdf>
Package pdftex.def Info: pos_distr_d_F.pdf used on input line 1437.
(pdftex.def)             Requested size: 221.3985pt x 132.83946pt.

<chem_energy_distr_all_F.pdf, id=977, 361.35pt x 216.81pt>
File: chem_energy_distr_all_F.pdf Graphic file (type pdf)

<use chem_energy_distr_all_F.pdf>
Package pdftex.def Info: chem_energy_distr_all_F.pdf used on input line 1458.
(pdftex.def)             Requested size: 221.3985pt x 132.83946pt.

<chem_efficiency_distr_all_F.pdf, id=989, 361.35pt x 216.81pt>
File: chem_efficiency_distr_all_F.pdf Graphic file (type pdf)

<use chem_efficiency_distr_all_F.pdf>
Package pdftex.def Info: chem_efficiency_distr_all_F.pdf used on input line 147
3.
(pdftex.def)             Requested size: 221.3985pt x 132.83946pt.
 [16 <./pos_distr_a_F.pdf> <./pos_distr_d_F.pdf

pdfTeX warning: pdflatex (file ./pos_distr_d_F.pdf): PDF inclusion: multiple pd
fs with page group included in a single page
>]

LaTeX Warning: A float is stuck (cannot be placed) on input line 1488.


LaTeX Warning: A float is stuck (cannot be placed) on input line 1488.


Class revtex4-1 Warning: Deferred float stuck during \clearpage processing.

<chemical_cycle_1head.pdf, id=1051, 361.35pt x 216.81pt>
File: chemical_cycle_1head.pdf Graphic file (type pdf)

<use chemical_cycle_1head.pdf>
Package pdftex.def Info: chemical_cycle_1head.pdf used on input line 1527.
(pdftex.def)             Requested size: 221.3985pt x 132.83946pt.
 <F_eta_setup.pdf, id=1058, 361.35pt x 216.81pt>
File: F_eta_setup.pdf Graphic file (type pdf)

<use F_eta_setup.pdf>
Package pdftex.def Info: F_eta_setup.pdf used on input line 1551.
(pdftex.def)             Requested size: 221.3985pt x 132.83946pt.
 <F_eta_setup_rescaled.pdf, id=1065, 361.35pt x 216.81pt>
File: F_eta_setup_rescaled.pdf Graphic file (type pdf)

<use F_eta_setup_rescaled.pdf>
Package pdftex.def Info: F_eta_setup_rescaled.pdf used on input line 1565.
(pdftex.def)             Requested size: 221.3985pt x 132.83946pt.
 [17 <./chem_energy_distr_all_F.pdf> <./chem_efficiency_distr_all_F.pdf

pdfTeX warning: pdflatex (file ./chem_efficiency_distr_all_F.pdf): PDF inclusio
n: multiple pdfs with page group included in a single page
>]

LaTeX Warning: A float is stuck (cannot be placed) on input line 1575.


LaTeX Warning: A float is stuck (cannot be placed) on input line 1575.


Class revtex4-1 Warning: Deferred float stuck during \clearpage processing.

<k_eta.pdf, id=1106, 361.35pt x 216.81pt>
File: k_eta.pdf Graphic file (type pdf)
 <use k_eta.pdf>
Package pdftex.def Info: k_eta.pdf used on input line 1594.
(pdftex.def)             Requested size: 221.3985pt x 132.83946pt.

<ratchet_eta.pdf, id=1115, 361.35pt x 216.81pt>
File: ratchet_eta.pdf Graphic file (type pdf)
 <use ratchet_eta.pdf>
Package pdftex.def Info: ratchet_eta.pdf used on input line 1610.
(pdftex.def)             Requested size: 221.3985pt x 132.83946pt.
 [18 <./chemical_cycle_1head.pdf> <./F_eta_setup.pdf

pdfTeX warning: pdflatex (file ./F_eta_setup.pdf): PDF inclusion: multiple pdfs
 with page group included in a single page
> <./F_eta_setup_rescaled.pdf

pdfTeX warning: pdflatex (file ./F_eta_setup_rescaled.pdf): PDF inclusion: mult
iple pdfs with page group included in a single page
>]

LaTeX Warning: A float is stuck (cannot be placed) on input line 1616.


LaTeX Warning: A float is stuck (cannot be placed) on input line 1616.


Class revtex4-1 Warning: Deferred float stuck during \clearpage processing.

<tension_eta.pdf, id=1178, 361.35pt x 216.81pt>
File: tension_eta.pdf Graphic file (type pdf)
 <use tension_eta.pdf>
Package pdftex.def Info: tension_eta.pdf used on input line 1637.
(pdftex.def)             Requested size: 221.3985pt x 132.83946pt.

<lambda_eta.pdf, id=1189, 361.35pt x 216.81pt>
File: lambda_eta.pdf Graphic file (type pdf)
 <use lambda_eta.pdf>
Package pdftex.def Info: lambda_eta.pdf used on input line 1660.
(pdftex.def)             Requested size: 221.3985pt x 132.83946pt.
 [19 <./k_eta.pdf> <./ratchet_eta.pdf

pdfTeX warning: pdflatex (file ./ratchet_eta.pdf): PDF inclusion: multiple pdfs
 with page group included in a single page
> <./tension_eta.pdf

pdfTeX warning: pdflatex (file ./tension_eta.pdf): PDF inclusion: multiple pdfs
 with page group included in a single page
>] <F_q_temp.pdf, id=1257, 361.35pt x 216.81pt>
File: F_q_temp.pdf Graphic file (type pdf)
 <use F_q_temp.pdf>
Package pdftex.def Info: F_q_temp.pdf used on input line 1673.
(pdftex.def)             Requested size: 221.3985pt x 132.83946pt.

<T_eta.pdf, id=1259, 361.35pt x 216.81pt>
File: T_eta.pdf Graphic file (type pdf)
 <use T_eta.pdf>
Package pdftex.def Info: T_eta.pdf used on input line 1688.
(pdftex.def)             Requested size: 221.3985pt x 132.83946pt.
 [20 <./lambda_eta.pdf> <./F_q_temp.pdf

pdfTeX warning: pdflatex (file ./F_q_temp.pdf): PDF inclusion: multiple pdfs wi
th page group included in a single page
> <./T_eta.pdf

pdfTeX warning: pdflatex (file ./T_eta.pdf): PDF inclusion: multiple pdfs with 
page group included in a single page
>] <F_v_setups.pdf, id=1332, 361.35pt x 216.81pt>
File: F_v_setups.pdf Graphic file (type pdf)
 <use F_v_setups.pdf>
Package pdftex.def Info: F_v_setups.pdf used on input line 1757.
(pdftex.def)             Requested size: 221.3985pt x 132.83946pt.
 [21 <./F_v_setups.pdf>] <individual_velocities.pdf, id=1365, 361.35pt x 216.81
pt>
File: individual_velocities.pdf Graphic file (type pdf)

<use individual_velocities.pdf>
Package pdftex.def Info: individual_velocities.pdf used on input line 1847.
(pdftex.def)             Requested size: 221.3985pt x 132.83946pt.

<ratchet_force.pdf, id=1377, 361.35pt x 216.81pt>
File: ratchet_force.pdf Graphic file (type pdf)
 <use ratchet_force.pdf>
Package pdftex.def Info: ratchet_force.pdf used on input line 1892.
(pdftex.def)             Requested size: 221.3985pt x 132.83946pt.

[22 <./individual_velocities.pdf>]
<ratchet_force_decay.pdf, id=1414, 361.35pt x 216.81pt>
File: ratchet_force_decay.pdf Graphic file (type pdf)

<use ratchet_force_decay.pdf>
Package pdftex.def Info: ratchet_force_decay.pdf used on input line 1909.
(pdftex.def)             Requested size: 221.3985pt x 132.83946pt.
 [23 <./ratchet_force.pdf> <./ratchet_force_decay.pdf

pdfTeX warning: pdflatex (file ./ratchet_force_decay.pdf): PDF inclusion: multi
ple pdfs with page group included in a single page
>] [24] <pos_compare.pdf, id=1475, 361.35pt x 216.81pt>
File: pos_compare.pdf Graphic file (type pdf)
 <use pos_compare.pdf>
Package pdftex.def Info: pos_compare.pdf used on input line 2108.
(pdftex.def)             Requested size: 221.3985pt x 132.83946pt.

[25 <./pos_compare.pdf>]
Overfull \hbox (7.41335pt too wide) detected at line 2249
[] []
 []

[26]

Package hyperref Warning: Token not allowed in a PDF string (PDFDocEncoding):
(hyperref)                removing `math shift' on input line 2338.


Package hyperref Warning: Token not allowed in a PDF string (PDFDocEncoding):
(hyperref)                removing `math shift' on input line 2338.


Package hyperref Warning: Token not allowed in a PDF string (PDFDocEncoding):
(hyperref)                removing `math shift' on input line 2352.


Package hyperref Warning: Token not allowed in a PDF string (PDFDocEncoding):
(hyperref)                removing `\to' on input line 2352.


Package hyperref Warning: Token not allowed in a PDF string (PDFDocEncoding):
(hyperref)                removing `math shift' on input line 2352.

[27] <v_T_1head_analytic.pdf, id=1532, 361.35pt x 216.81pt>
File: v_T_1head_analytic.pdf Graphic file (type pdf)

<use v_T_1head_analytic.pdf>
Package pdftex.def Info: v_T_1head_analytic.pdf used on input line 2411.
(pdftex.def)             Requested size: 221.3985pt x 132.83946pt.
 (./Ratchet.bbl
Underfull \hbox (badness 10000) in paragraph at lines 157--164
 []\OT1/cmr/m/n/9 P. Reimann, []Physics Re-ports \OT1/cmr/bx/n/9 361\OT1/cmr/m/
n/9 , 57 (2002)[],
 []

[28 <./v_T_1head_analytic.pdf>]
Underfull \hbox (badness 2556) in paragraph at lines 552--557
 []\OT1/cmr/m/n/9 J. []Etienne, J. Fouchard, D. Mitrossilis, N. Bufi,
 []

) [29]
Package atveryend Info: Empty hook `AfterLastShipout' on input line 2420.
 (./Ratchet.aux)
Package atveryend Info: Executing hook `AtVeryEndDocument' on input line 2420.
Package atveryend Info: Executing hook `AtEndAfterFileList' on input line 2420.

Package rerunfilecheck Info: File `Ratchet.out' has not changed.
(rerunfilecheck)             Checksum: 844BF4A053D5E4CA857C18F4A77FFB54;3346.
 ) 
Here is how much of TeX's memory you used:
 10155 strings out of 493304
 146550 string characters out of 6139871
 303384 words of memory out of 5000000
 13192 multiletter control sequences out of 15000+600000
 12094 words of font info for 50 fonts, out of 8000000 for 9000
 957 hyphenation exceptions out of 8191
 29i,19n,32p,1083b,548s stack positions out of 5000i,500n,10000p,200000b,80000s
</usr/share/texlive/texmf-dist/fonts/type1/public/amsfonts/cm/cmbx12.pfb></us
r/share/texlive/texmf-dist/fonts/type1/public/amsfonts/cm/cmbx9.pfb></usr/share
/texlive/texmf-dist/fonts/type1/public/amsfonts/cm/cmex10.pfb></usr/share/texli
ve/texmf-dist/fonts/type1/public/amsfonts/cm/cmmi10.pfb></usr/share/texlive/tex
mf-dist/fonts/type1/public/amsfonts/cm/cmmi5.pfb></usr/share/texlive/texmf-dist
/fonts/type1/public/amsfonts/cm/cmmi6.pfb></usr/share/texlive/texmf-dist/fonts/
type1/public/amsfonts/cm/cmmi7.pfb></usr/share/texlive/texmf-dist/fonts/type1/p
ublic/amsfonts/cm/cmmi9.pfb></usr/share/texlive/texmf-dist/fonts/type1/public/a
msfonts/cm/cmr10.pfb></usr/share/texlive/texmf-dist/fonts/type1/public/amsfonts
/cm/cmr5.pfb></usr/share/texlive/texmf-dist/fonts/type1/public/amsfonts/cm/cmr6
.pfb></usr/share/texlive/texmf-dist/fonts/type1/public/amsfonts/cm/cmr7.pfb></u
sr/share/texlive/texmf-dist/fonts/type1/public/amsfonts/cm/cmr8.pfb></usr/share
/texlive/texmf-dist/fonts/type1/public/amsfonts/cm/cmr9.pfb></usr/share/texlive
/texmf-dist/fonts/type1/public/amsfonts/cm/cmsy10.pfb></usr/share/texlive/texmf
-dist/fonts/type1/public/amsfonts/cm/cmsy5.pfb></usr/share/texlive/texmf-dist/f
onts/type1/public/amsfonts/cm/cmsy6.pfb></usr/share/texlive/texmf-dist/fonts/ty
pe1/public/amsfonts/cm/cmsy7.pfb></usr/share/texlive/texmf-dist/fonts/type1/pub
lic/amsfonts/cm/cmsy9.pfb></usr/share/texlive/texmf-dist/fonts/type1/public/ams
fonts/cm/cmti10.pfb></usr/share/texlive/texmf-dist/fonts/type1/public/amsfonts/
cm/cmti9.pfb></usr/share/texlive/texmf-dist/fonts/type1/public/esint-type1/esin
t10.pfb></usr/share/texlive/texmf-dist/fonts/type1/public/amsfonts/euler/eurm10
.pfb></usr/share/texlive/texmf-dist/fonts/type1/public/amsfonts/symbols/msam10.
pfb>
Output written on Ratchet.pdf (29 pages, 1627470 bytes).
PDF statistics:
 1792 PDF objects out of 2073 (max. 8388607)
 1495 compressed objects within 15 object streams
 241 named destinations out of 1000 (max. 500000)
 596 words of extra memory for PDF output out of 10000 (max. 10000000)

