\BOOKMARK [0][-]{section*.2}{Tension and chemical efficiency of Myosin-II motors}{}% 2
\BOOKMARK [1][-]{section*.1}{Abstract}{section*.2}% 1
\BOOKMARK [1][-]{section*.3}{Introduction}{section*.2}% 3
\BOOKMARK [1][-]{section*.4}{The Ratchet model}{section*.2}% 4
\BOOKMARK [2][-]{section*.5}{Alternative setups}{section*.4}% 5
\BOOKMARK [3][-]{section*.6}{Load on the polymer}{section*.5}% 6
\BOOKMARK [3][-]{section*.7}{Tug of war}{section*.5}% 7
\BOOKMARK [3][-]{section*.8}{Elastic environment}{section*.5}% 8
\BOOKMARK [2][-]{section*.9}{Numerical method}{section*.4}% 9
\BOOKMARK [1][-]{section*.10}{Model verification}{section*.2}% 10
\BOOKMARK [2][-]{section*.11}{Mean velocity}{section*.10}% 11
\BOOKMARK [2][-]{section*.12}{Force\205velocity relation}{section*.10}% 12
\BOOKMARK [2][-]{section*.13}{Stall force}{section*.10}% 13
\BOOKMARK [2][-]{section*.14}{Temperature influence}{section*.10}% 14
\BOOKMARK [1][-]{section*.15}{Tension}{section*.2}% 15
\BOOKMARK [2][-]{section*.16}{Ratchet force}{section*.15}% 16
\BOOKMARK [2][-]{section*.17}{Tension in the motor}{section*.15}% 17
\BOOKMARK [3][-]{section*.18}{Load on the polymer}{section*.17}% 18
\BOOKMARK [3][-]{section*.19}{Tug of war}{section*.17}% 19
\BOOKMARK [2][-]{section*.20}{Mechanosensing}{section*.15}% 20
\BOOKMARK [1][-]{section*.21}{Energy balance}{section*.2}% 21
\BOOKMARK [2][-]{section*.22}{Load on the motor}{section*.21}% 22
\BOOKMARK [2][-]{section*.23}{Heat fluxes}{section*.21}% 23
\BOOKMARK [2][-]{section*.24}{Alternative setups}{section*.21}% 24
\BOOKMARK [3][-]{section*.25}{Load on the polymer}{section*.24}% 25
\BOOKMARK [3][-]{section*.26}{Tug of war}{section*.24}% 26
\BOOKMARK [3][-]{section*.27}{Elastic environment}{section*.24}% 27
\BOOKMARK [1][-]{section*.28}{Efficiency}{section*.2}% 28
\BOOKMARK [2][-]{section*.29}{Transport efficiency}{section*.28}% 29
\BOOKMARK [2][-]{section*.30}{Chemical efficiency}{section*.28}% 30
\BOOKMARK [3][-]{section*.31}{Load on the motor}{section*.30}% 31
\BOOKMARK [3][-]{section*.32}{Dependency on number of heads}{section*.30}% 32
\BOOKMARK [3][-]{section*.33}{Load on the polymer}{section*.30}% 33
\BOOKMARK [3][-]{section*.34}{Tug of war}{section*.30}% 34
\BOOKMARK [3][-]{section*.35}{Elastic environment}{section*.30}% 35
\BOOKMARK [3][-]{section*.36}{Tension and chemical efficiency}{section*.30}% 36
\BOOKMARK [3][-]{section*.37}{Temperature influence}{section*.30}% 37
\BOOKMARK [1][-]{section*.38}{Conclusions}{section*.2}% 38
\BOOKMARK [1][-]{section*.39}{Acknowledgments}{section*.2}% 39
\BOOKMARK [1][-]{section*.40}{Force \205 velocity relation for alternative setups}{section*.2}% 40
\BOOKMARK [1][-]{section*.41}{Velocity with respect to medium}{section*.2}% 41
\BOOKMARK [1][-]{section*.42}{Mean ratchet force}{section*.2}% 42
\BOOKMARK [1][-]{section*.43}{Local minimum of the chemical efficiency}{section*.2}% 43
\BOOKMARK [1][-]{section*.44}{Perturbative treatment}{section*.2}% 44
\BOOKMARK [2][-]{section*.45}{Large external force}{section*.44}% 45
\BOOKMARK [2][-]{section*.46}{Small transition rates}{section*.44}% 46
\BOOKMARK [3][-]{section*.47}{Large gap \(c = 0\)}{section*.46}% 47
\BOOKMARK [3][-]{section*.48}{Small gap \( c 1 \040\) }{section*.46}% 48
\BOOKMARK [3][-]{section*.49}{High temperatures}{section*.46}% 49
\BOOKMARK [1][-]{section*.50}{References}{section*.2}% 50
